
-------------------------------------------------------------------------------
Parsing project file - E:\SteamLibrary\steamapps\common\DarkestDungeon\mods\Zerkium Mod\project.xml
Mod Data Directory = E:/SteamLibrary/steamapps/common/DarkestDungeon/mods/Zerkium Mod/

Creating new item...
.....Created

-------------------------------------------------------------------------------
Processing Map Files files...

-------------------------------------------------------------------------------
Searching for preview icon file E:/SteamLibrary/steamapps/common/DarkestDungeon/mods/Zerkium Mod/preview_icon.png...FOUND!
<UploadMode> - Set to direct_upload


-------------------------------------------------------------------------------
Modded files...

heroes/Zerk/crusader_A/anim/crusader.sprite.afflicted.png
heroes/Zerk/crusader_A/anim/crusader.sprite.attack_banner.png
heroes/Zerk/crusader_A/anim/crusader.sprite.attack_charge.png
heroes/Zerk/crusader_A/anim/crusader.sprite.attack_heal.png
heroes/Zerk/crusader_A/anim/crusader.sprite.attack_scroll.png
heroes/Zerk/crusader_A/anim/crusader.sprite.attack_stun.png
heroes/Zerk/crusader_A/anim/crusader.sprite.attack_sword.png
heroes/Zerk/crusader_A/anim/crusader.sprite.camp.png
heroes/Zerk/crusader_A/anim/crusader.sprite.combat.png
heroes/Zerk/crusader_A/anim/crusader.sprite.defend.png
heroes/Zerk/crusader_A/anim/crusader.sprite.heroic.png
heroes/Zerk/crusader_A/anim/crusader.sprite.idle.png
heroes/Zerk/crusader_A/anim/crusader.sprite.investigate.png
heroes/Zerk/crusader_A/anim/crusader.sprite.walk.png
heroes/Zerk/anim/crusader.sprite.afflicted.atlas
heroes/Zerk/anim/crusader.sprite.afflicted.skel
heroes/Zerk/anim/crusader.sprite.attack_banner.atlas
heroes/Zerk/anim/crusader.sprite.attack_banner.skel
heroes/Zerk/anim/crusader.sprite.attack_charge.atlas
heroes/Zerk/anim/crusader.sprite.attack_charge.skel
heroes/Zerk/anim/crusader.sprite.attack_heal.atlas
heroes/Zerk/anim/crusader.sprite.attack_heal.skel
heroes/Zerk/anim/crusader.sprite.attack_scroll.atlas
heroes/Zerk/anim/crusader.sprite.attack_scroll.skel
heroes/Zerk/anim/crusader.sprite.attack_stun.atlas
heroes/Zerk/anim/crusader.sprite.attack_stun.skel
heroes/Zerk/anim/crusader.sprite.attack_sword.atlas
heroes/Zerk/anim/crusader.sprite.attack_sword.skel
heroes/Zerk/anim/crusader.sprite.camp.atlas
heroes/Zerk/anim/crusader.sprite.camp.skel
heroes/Zerk/anim/crusader.sprite.combat.atlas
heroes/Zerk/anim/crusader.sprite.combat.skel
heroes/Zerk/anim/crusader.sprite.defend.atlas
heroes/Zerk/anim/crusader.sprite.defend.skel
heroes/Zerk/anim/crusader.sprite.heroic.atlas
heroes/Zerk/anim/crusader.sprite.heroic.skel
heroes/Zerk/anim/crusader.sprite.idle.atlas
heroes/Zerk/anim/crusader.sprite.idle.skel
heroes/Zerk/anim/crusader.sprite.investigate.atlas
heroes/Zerk/anim/crusader.sprite.investigate.skel
heroes/Zerk/anim/crusader.sprite.walk.atlas
heroes/Zerk/anim/crusader.sprite.walk.skel
heroes/Zerk/crusader_A/crusader_portrait_roster.png
heroes/Zerk/fx/crusader.sprite.battle_heal.atlas
heroes/Zerk/fx/crusader.sprite.battle_heal.png
heroes/Zerk/fx/crusader.sprite.battle_heal.skel
heroes/Zerk/fx/crusader.sprite.battle_heal_target.atlas
heroes/Zerk/fx/crusader.sprite.battle_heal_target.png
heroes/Zerk/fx/crusader.sprite.battle_heal_target.skel
heroes/Zerk/fx/crusader.sprite.bulwark_of_faith.atlas
heroes/Zerk/fx/crusader.sprite.bulwark_of_faith.png
heroes/Zerk/fx/crusader.sprite.bulwark_of_faith.skel
heroes/Zerk/fx/crusader.sprite.holy_lance.atlas
heroes/Zerk/fx/crusader.sprite.holy_lance.png
heroes/Zerk/fx/crusader.sprite.holy_lance.skel
heroes/Zerk/fx/crusader.sprite.inspiring_cry.atlas
heroes/Zerk/fx/crusader.sprite.inspiring_cry.png
heroes/Zerk/fx/crusader.sprite.inspiring_cry.skel
heroes/Zerk/fx/crusader.sprite.smite.atlas
heroes/Zerk/fx/crusader.sprite.smite.png
heroes/Zerk/fx/crusader.sprite.smite.skel
heroes/Zerk/fx/crusader.sprite.stunning_blow.atlas
heroes/Zerk/fx/crusader.sprite.stunning_blow.png
heroes/Zerk/fx/crusader.sprite.stunning_blow.skel
heroes/Zerk/fx/crusader.sprite.stunning_blow_target.atlas
heroes/Zerk/fx/crusader.sprite.stunning_blow_target.png
heroes/Zerk/fx/crusader.sprite.stunning_blow_target.skel
heroes/Zerk/fx/crusader.sprite.zealous_accusation.atlas
heroes/Zerk/fx/crusader.sprite.zealous_accusation.png
heroes/Zerk/fx/crusader.sprite.zealous_accusation.skel
heroes/Zerk/icons_equip/eqp_armour_0.png
heroes/Zerk/icons_equip/eqp_armour_1.png
heroes/Zerk/icons_equip/eqp_armour_2.png
heroes/Zerk/icons_equip/eqp_armour_3.png
heroes/Zerk/icons_equip/eqp_armour_4.png
heroes/Zerk/icons_equip/eqp_weapon_0.png
heroes/Zerk/icons_equip/eqp_weapon_1.png
heroes/Zerk/icons_equip/eqp_weapon_2.png
heroes/Zerk/icons_equip/eqp_weapon_3.png
heroes/Zerk/icons_equip/eqp_weapon_4.png
heroes/Zerk/crusader.ability.four.png
heroes/Zerk/crusader.ability.one.png
heroes/Zerk/crusader.ability.seven.png
heroes/Zerk/crusader.ability.six.png
heroes/Zerk/crusader.ability.three.png
heroes/Zerk/crusader.ability.two.png
heroes/Zerk/crusader.art.darkest
heroes/Zerk/crusader_guild_header.png
heroes/Zerk/cruzader.ability.five.png
heroes/Zerk/zerk.info.darkest
upgrades/heroes/zerk.upgrades.json
effects/zerk.effects.darkest
preview_icon.png
project.xml

Submitting....................................................................................................Submitted.
Saving project file E:\SteamLibrary\steamapps\common\DarkestDungeon\mods\Zerkium Mod\project.xml

